<?xml version="1.0" encoding="UTF-8"?>
<coverage generated="1658279582311" clover="3.2.0">
  <project timestamp="1658279582311" name="All files">
    <metrics statements="2" coveredstatements="2" conditionals="0" coveredconditionals="0" methods="1" coveredmethods="1" elements="3" coveredelements="3" complexity="0" loc="2" ncloc="2" packages="1" files="1" classes="1"/>
    <file name="1-hello-jest.js" path="D:\workspace\mission-ready\L4-Full-Stack\week-12\hello-jest\1-hello-jest.js">
      <metrics statements="2" coveredstatements="2" conditionals="0" coveredconditionals="0" methods="1" coveredmethods="1"/>
      <line num="2" count="2" type="stmt"/>
      <line num="5" count="1" type="stmt"/>
    </file>
  </project>
</coverage>
