{"D:\\workspace\\mission-ready\\L4-Full-Stack\\week-12\\hello-jest\\1-hello-jest.js": {"path":"D:\\workspace\\mission-ready\\L4-Full-Stack\\week-12\\hello-jest\\1-hello-jest.js","statementMap":{"0":{"start":{"line":2,"column":2},"end":{"line":2,"column":15}},"1":{"start":{"line":5,"column":0},"end":{"line":5,"column":25}}},"fnMap":{"0":{"name":"sum","decl":{"start":{"line":1,"column":9},"end":{"line":1,"column":12}},"loc":{"start":{"line":1,"column":19},"end":{"line":3,"column":1}},"line":1}},"branchMap":{},"s":{"0":2,"1":1},"f":{"0":2},"b":{},"_coverageSchema":"1a1c01bbd47fc00a2c39e90264f33305004495a9","hash":"9674f9d777c88c45f9c3d34eccb07f6ebbd9d140"}
}
